<?xml version="1.0" encoding="UTF-8"?>
<!-- Generated by org.testng.reporters.JUnitReportReporter -->
<testsuite hostname="ashish" failures="0" tests="1" name="APITesting.apiTesting.ParametersRestAssured" time="2.577" errors="0" timestamp="2024-01-14T01:00:44 IST" skipped="0">
  <testcase classname="APITesting.apiTesting.ParametersRestAssured" name="Test_04" time="2.577"/>
</testsuite> <!-- APITesting.apiTesting.ParametersRestAssured -->
