<?xml version="1.0" encoding="UTF-8"?>
<!-- Generated by org.testng.reporters.JUnitReportReporter -->
<testsuite hostname="ashish" failures="0" tests="2" name="APITesting.apiTesting.WeatherGetRequest" time="5.857" errors="0" timestamp="2024-01-13T23:28:20 IST" skipped="0">
  <testcase classname="APITesting.apiTesting.WeatherGetRequest" name="Test_01" time="2.756"/>
  <testcase classname="APITesting.apiTesting.WeatherGetRequest" name="Test_02" time="3.101"/>
</testsuite> <!-- APITesting.apiTesting.WeatherGetRequest -->
